This is pdfTeX, Version 3.14159265-2.6-1.40.17 (MiKTeX 2.9 64-bit) (preloaded format=pdflatex 2016.9.3)  12 APR 2017 23:17
entering extended mode
**./SLAM_hw3.tex
(SLAM_hw3.tex
LaTeX2e <2016/03/31> patch level 3
Babel <3.9r> and hyphenation patterns for 75 language(s) loaded.
("C:\Program Files\MiKTeX 2.9\tex\latex\base\article.cls"
Document Class: article 2014/09/29 v1.4h Standard LaTeX document class
("C:\Program Files\MiKTeX 2.9\tex\latex\base\fleqn.clo"
File: fleqn.clo 2015/03/31 v1.1i Standard LaTeX option (flush left equations)
\mathindent=\dimen102
Applying: [2015/01/01] Make \[ robust on input line 50.
LaTeX Info: Redefining \[ on input line 51.
Already applied: [0000/00/00] Make \[ robust on input line 62.
Applying: [2015/01/01] Make \] robust on input line 74.
LaTeX Info: Redefining \] on input line 75.
Already applied: [0000/00/00] Make \] robust on input line 83.
)
("C:\Program Files\MiKTeX 2.9\tex\latex\base\size10.clo"
File: size10.clo 2014/09/29 v1.4h Standard LaTeX file (size option)
)
\c@part=\count79
\c@section=\count80
\c@subsection=\count81
\c@subsubsection=\count82
\c@paragraph=\count83
\c@subparagraph=\count84
\c@figure=\count85
\c@table=\count86
\abovecaptionskip=\skip41
\belowcaptionskip=\skip42
\bibindent=\dimen103
)
("C:\Program Files\MiKTeX 2.9\tex\latex\graphics\graphicx.sty"
Package: graphicx 2014/10/28 v1.0g Enhanced LaTeX Graphics (DPC,SPQR)

("C:\Program Files\MiKTeX 2.9\tex\latex\graphics\keyval.sty"
Package: keyval 2014/10/28 v1.15 key=value parser (DPC)
\KV@toks@=\toks14
)
("C:\Program Files\MiKTeX 2.9\tex\latex\graphics\graphics.sty"
Package: graphics 2016/07/10 v1.0t Standard LaTeX Graphics (DPC,SPQR)

("C:\Program Files\MiKTeX 2.9\tex\latex\graphics\trig.sty"
Package: trig 2016/01/03 v1.10 sin cos tan (DPC)
)
("C:\Program Files\MiKTeX 2.9\tex\latex\00miktex\graphics.cfg"
File: graphics.cfg 2016/06/04 v1.11 sample graphics configuration
)
Package graphics Info: Driver file: pdftex.def on input line 99.

("C:\Program Files\MiKTeX 2.9\tex\latex\graphics-def\pdftex.def"
File: pdftex.def 2016/07/10 v0.06j Graphics/color for pdfTeX

("C:\Program Files\MiKTeX 2.9\tex\generic\oberdiek\infwarerr.sty"
Package: infwarerr 2016/05/16 v1.4 Providing info/warning/error messages (HO)
)
("C:\Program Files\MiKTeX 2.9\tex\generic\oberdiek\ltxcmds.sty"
Package: ltxcmds 2016/05/16 v1.23 LaTeX kernel commands for general use (HO)
)
\Gread@gobject=\count87
))
\Gin@req@height=\dimen104
\Gin@req@width=\dimen105
)
("C:\Program Files\MiKTeX 2.9\tex\latex\amsmath\amsmath.sty"
Package: amsmath 2016/06/28 v2.15d AMS math features
\@mathmargin=\skip43

For additional information on amsmath, use the `?' option.
("C:\Program Files\MiKTeX 2.9\tex\latex\amsmath\amstext.sty"
Package: amstext 2000/06/29 v2.01 AMS text

("C:\Program Files\MiKTeX 2.9\tex\latex\amsmath\amsgen.sty"
File: amsgen.sty 1999/11/30 v2.0 generic functions
\@emptytoks=\toks15
\ex@=\dimen106
))
("C:\Program Files\MiKTeX 2.9\tex\latex\amsmath\amsbsy.sty"
Package: amsbsy 1999/11/29 v1.2d Bold Symbols
\pmbraise@=\dimen107
)
("C:\Program Files\MiKTeX 2.9\tex\latex\amsmath\amsopn.sty"
Package: amsopn 2016/03/08 v2.02 operator names
)
\inf@bad=\count88
LaTeX Info: Redefining \frac on input line 199.
\uproot@=\count89
\leftroot@=\count90
LaTeX Info: Redefining \overline on input line 297.
\classnum@=\count91
\DOTSCASE@=\count92
LaTeX Info: Redefining \ldots on input line 394.
LaTeX Info: Redefining \dots on input line 397.
LaTeX Info: Redefining \cdots on input line 518.
\Mathstrutbox@=\box26
\strutbox@=\box27
\big@size=\dimen108
LaTeX Font Info:    Redeclaring font encoding OML on input line 634.
LaTeX Font Info:    Redeclaring font encoding OMS on input line 635.
\macc@depth=\count93
\c@MaxMatrixCols=\count94
\dotsspace@=\muskip10
\c@parentequation=\count95
\dspbrk@lvl=\count96
\tag@help=\toks16
\row@=\count97
\column@=\count98
\maxfields@=\count99
\andhelp@=\toks17
\eqnshift@=\dimen109
\alignsep@=\dimen110
\tagshift@=\dimen111
\tagwidth@=\dimen112
\totwidth@=\dimen113
\lineht@=\dimen114
\@envbody=\toks18
\multlinegap=\skip44
\multlinetaggap=\skip45
\mathdisplay@stack=\toks19
LaTeX Info: Redefining \[ on input line 2739.
LaTeX Info: Redefining \] on input line 2740.
)
("C:\Program Files\MiKTeX 2.9\tex\latex\amsfonts\amsfonts.sty"
Package: amsfonts 2013/01/14 v3.01 Basic AMSFonts support
\symAMSa=\mathgroup4
\symAMSb=\mathgroup5
LaTeX Font Info:    Overwriting math alphabet `\mathfrak' in version `bold'
(Font)                  U/euf/m/n --> U/euf/b/n on input line 106.
)
("C:\Program Files\MiKTeX 2.9\tex\latex\amsfonts\amssymb.sty"
Package: amssymb 2013/01/14 v3.01 AMS font symbols
)
("C:\Program Files\MiKTeX 2.9\tex\latex\commath\commath.sty"
("C:\Program Files\MiKTeX 2.9\tex\latex\base\ifthen.sty"
Package: ifthen 2014/09/29 v1.1c Standard LaTeX ifthen package (DPC)
))
("C:\Program Files\MiKTeX 2.9\tex\latex\adjustbox\adjustbox.sty"
Package: adjustbox 2012/05/21 v1.0 Adjusting TeX boxes (trim, clip, ...)

("C:\Program Files\MiKTeX 2.9\tex\latex\xkeyval\xkeyval.sty"
Package: xkeyval 2014/12/03 v2.7a package option processing (HA)

("C:\Program Files\MiKTeX 2.9\tex\generic\xkeyval\xkeyval.tex"
("C:\Program Files\MiKTeX 2.9\tex\generic\xkeyval\xkvutils.tex"
\XKV@toks=\toks20
\XKV@tempa@toks=\toks21
)
\XKV@depth=\count100
File: xkeyval.tex 2014/12/03 v2.7a key=value parser (HA)
))
("C:\Program Files\MiKTeX 2.9\tex\latex\adjustbox\adjcalc.sty"
Package: adjcalc 2012/05/16 v1.1 Provides advanced setlength with multiple back
-ends (calc, etex, pgfmath)
)
("C:\Program Files\MiKTeX 2.9\tex\latex\adjustbox\trimclip.sty"
Package: trimclip 2012/05/16 v1.0 Trim and clip general TeX material

("C:\Program Files\MiKTeX 2.9\tex\latex\collectbox\collectbox.sty"
Package: collectbox 2012/05/17 v0.4b Collect macro arguments as boxes
\collectedbox=\box28
)
\tc@llx=\dimen115
\tc@lly=\dimen116
\tc@urx=\dimen117
\tc@ury=\dimen118
Package trimclip Info: Using driver 'tc-pdftex.def'.

("C:\Program Files\MiKTeX 2.9\tex\latex\adjustbox\tc-pdftex.def"
File: tc-pdftex.def 2012/05/13 v1.0 Clipping driver for pdftex
))
\adjbox@Width=\dimen119
\adjbox@Height=\dimen120
\adjbox@Depth=\dimen121
\adjbox@Totalheight=\dimen122

("C:\Program Files\MiKTeX 2.9\tex\latex\ifoddpage\ifoddpage.sty"
Package: ifoddpage 2016/04/23 v1.1 Conditionals for odd/even page detection
\c@checkoddpage=\count101
)
("C:\Program Files\MiKTeX 2.9\tex\latex\ltxmisc\varwidth.sty"
Package: varwidth 2009/03/30 ver 0.92;  Variable-width minipages
\@vwid@box=\box29
\sift@deathcycles=\count102
\@vwid@loff=\dimen123
\@vwid@roff=\dimen124
))
("C:\Program Files\MiKTeX 2.9\tex\latex\titlesec\titlesec.sty"
Package: titlesec 2016/03/21 v2.10.2 Sectioning titles
\ttl@box=\box30
\beforetitleunit=\skip46
\aftertitleunit=\skip47
\ttl@plus=\dimen125
\ttl@minus=\dimen126
\ttl@toksa=\toks22
\titlewidth=\dimen127
\titlewidthlast=\dimen128
\titlewidthfirst=\dimen129
)
("C:\Program Files\MiKTeX 2.9\tex\latex\changepage\changepage.sty"
Package: changepage 2009/10/20 v1.0c check page and change page layout
\c@cp@cntr=\count103
\cp@tempcnt=\count104
LaTeX Info: Redefining \checkoddpage on input line 59.
)
("C:\Program Files\MiKTeX 2.9\tex\latex\titlesec\block.tss"
File: block.tss 2016/03/15
)
("C:\Program Files\MiKTeX 2.9\tex\latex\geometry\geometry.sty"
Package: geometry 2010/09/12 v5.6 Page Geometry

("C:\Program Files\MiKTeX 2.9\tex\generic\oberdiek\ifpdf.sty"
Package: ifpdf 2016/05/14 v3.1 Provides the ifpdf switch
)
("C:\Program Files\MiKTeX 2.9\tex\generic\oberdiek\ifvtex.sty"
Package: ifvtex 2016/05/16 v1.6 Detect VTeX and its facilities (HO)
Package ifvtex Info: VTeX not detected.
)
("C:\Program Files\MiKTeX 2.9\tex\generic\ifxetex\ifxetex.sty"
Package: ifxetex 2010/09/12 v0.6 Provides ifxetex conditional
)
\Gm@cnth=\count105
\Gm@cntv=\count106
\c@Gm@tempcnt=\count107
\Gm@bindingoffset=\dimen130
\Gm@wd@mp=\dimen131
\Gm@odd@mp=\dimen132
\Gm@even@mp=\dimen133
\Gm@layoutwidth=\dimen134
\Gm@layoutheight=\dimen135
\Gm@layouthoffset=\dimen136
\Gm@layoutvoffset=\dimen137
\Gm@dimlist=\toks23

("C:\Program Files\MiKTeX 2.9\tex\latex\geometry\geometry.cfg")) (SLAM_hw3.aux)
\openout1 = `SLAM_hw3.aux'.

LaTeX Font Info:    Checking defaults for OML/cmm/m/it on input line 32.
LaTeX Font Info:    ... okay on input line 32.
LaTeX Font Info:    Checking defaults for T1/cmr/m/n on input line 32.
LaTeX Font Info:    ... okay on input line 32.
LaTeX Font Info:    Checking defaults for OT1/cmr/m/n on input line 32.
LaTeX Font Info:    ... okay on input line 32.
LaTeX Font Info:    Checking defaults for OMS/cmsy/m/n on input line 32.
LaTeX Font Info:    ... okay on input line 32.
LaTeX Font Info:    Checking defaults for OMX/cmex/m/n on input line 32.
LaTeX Font Info:    ... okay on input line 32.
LaTeX Font Info:    Checking defaults for U/cmr/m/n on input line 32.
LaTeX Font Info:    ... okay on input line 32.
("C:\Program Files\MiKTeX 2.9\tex\context\base\supp-pdf.mkii"
[Loading MPS to PDF converter (version 2006.09.02).]
\scratchcounter=\count108
\scratchdimen=\dimen138
\scratchbox=\box31
\nofMPsegments=\count109
\nofMParguments=\count110
\everyMPshowfont=\toks24
\MPscratchCnt=\count111
\MPscratchDim=\dimen139
\MPnumerator=\count112
\makeMPintoPDFobject=\count113
\everyMPtoPDFconversion=\toks25
) ("C:\Program Files\MiKTeX 2.9\tex\generic\oberdiek\pdftexcmds.sty"
Package: pdftexcmds 2016/05/21 v0.22 Utility functions of pdfTeX for LuaTeX (HO
)

("C:\Program Files\MiKTeX 2.9\tex\generic\oberdiek\ifluatex.sty"
Package: ifluatex 2016/05/16 v1.4 Provides the ifluatex switch (HO)
Package ifluatex Info: LuaTeX not detected.
)
Package pdftexcmds Info: LuaTeX not detected.
Package pdftexcmds Info: \pdf@primitive is available.
Package pdftexcmds Info: \pdf@ifprimitive is available.
Package pdftexcmds Info: \pdfdraftmode found.
)
("C:\Program Files\MiKTeX 2.9\tex\latex\oberdiek\epstopdf-base.sty"
Package: epstopdf-base 2016/05/15 v2.6 Base part for package epstopdf

("C:\Program Files\MiKTeX 2.9\tex\latex\oberdiek\grfext.sty"
Package: grfext 2016/05/16 v1.2 Manage graphics extensions (HO)

("C:\Program Files\MiKTeX 2.9\tex\generic\oberdiek\kvdefinekeys.sty"
Package: kvdefinekeys 2016/05/16 v1.4 Define keys (HO)
))
("C:\Program Files\MiKTeX 2.9\tex\latex\oberdiek\kvoptions.sty"
Package: kvoptions 2016/05/16 v3.12 Key value format for package options (HO)

("C:\Program Files\MiKTeX 2.9\tex\generic\oberdiek\kvsetkeys.sty"
Package: kvsetkeys 2016/05/16 v1.17 Key value parser (HO)

("C:\Program Files\MiKTeX 2.9\tex\generic\oberdiek\etexcmds.sty"
Package: etexcmds 2016/05/16 v1.6 Avoid name clashes with e-TeX commands (HO)
Package etexcmds Info: Could not find \expanded.
(etexcmds)             That can mean that you are not using pdfTeX 1.50 or
(etexcmds)             that some package has redefined \expanded.
(etexcmds)             In the latter case, load this package earlier.
)))
Package epstopdf-base Info: Redefining graphics rule for `.eps' on input line 4
38.
Package grfext Info: Graphics extension search list:
(grfext)             [.png,.pdf,.jpg,.mps,.jpeg,.jbig2,.jb2,.PNG,.PDF,.JPG,.JPE
G,.JBIG2,.JB2,.eps]
(grfext)             \AppendGraphicsExtensions on input line 456.
)
*geometry* driver: auto-detecting
*geometry* detected driver: pdftex
*geometry* verbose mode - [ preamble ] result:
* driver: pdftex
* paper: a4paper
* layout: <same size as paper>
* layoutoffset:(h,v)=(0.0pt,0.0pt)
* modes: 
* h-part:(L,W,R)=(56.9055pt, 483.69684pt, 56.90553pt)
* v-part:(T,H,B)=(56.9055pt, 731.23582pt, 56.90552pt)
* \paperwidth=597.50787pt
* \paperheight=845.04684pt
* \textwidth=483.69684pt
* \textheight=731.23582pt
* \oddsidemargin=-15.36449pt
* \evensidemargin=-15.36449pt
* \topmargin=-52.36449pt
* \headheight=12.0pt
* \headsep=25.0pt
* \topskip=10.0pt
* \footskip=30.0pt
* \marginparwidth=65.0pt
* \marginparsep=11.0pt
* \columnsep=10.0pt
* \skip\footins=9.0pt plus 4.0pt minus 2.0pt
* \hoffset=0.0pt
* \voffset=0.0pt
* \mag=1000
* \@twocolumnfalse
* \@twosidefalse
* \@mparswitchfalse
* \@reversemarginfalse
* (1in=72.27pt=25.4mm, 1cm=28.453pt)

LaTeX Font Info:    Try loading font information for U+msa on input line 33.
("C:\Program Files\MiKTeX 2.9\tex\latex\amsfonts\umsa.fd"
File: umsa.fd 2013/01/14 v3.01 AMS symbols A
)
LaTeX Font Info:    Try loading font information for U+msb on input line 33.

("C:\Program Files\MiKTeX 2.9\tex\latex\amsfonts\umsb.fd"
File: umsb.fd 2013/01/14 v3.01 AMS symbols B
)
Overfull \hbox (6.23633pt too wide) in paragraph at lines 41--43
\OT1/cmr/m/n/10 is a source point, $\OML/cmm/m/it/10 d[] \OT1/cmr/m/n/10 = (\OM
L/cmm/m/it/10 d[]; d[]; d[]; \OT1/cmr/m/n/10 1)[]$ is the cor-re-spond-ing des-
ti-na-tion point, and $\OML/cmm/m/it/10 n[] \OT1/cmr/m/n/10 = (\OML/cmm/m/it/10
 n[]; n[]; n[]; \OT1/cmr/m/n/10 0)[]$
 []


Underfull \hbox (badness 10000) in paragraph at lines 44--45

 []

<slam_hw3_q1_d_pic1.jpg, id=1, 1927.2pt x 939.51pt>
File: slam_hw3_q1_d_pic1.jpg Graphic file (type jpg)

<use slam_hw3_q1_d_pic1.jpg>
Package pdftex.def Info: slam_hw3_q1_d_pic1.jpg used on input line 80.
(pdftex.def)             Requested size: 483.69684pt x 235.7944pt.

<slam_hw3_q1_d_pic2.jpg, id=2, 1927.2pt x 939.51pt>
File: slam_hw3_q1_d_pic2.jpg Graphic file (type jpg)

<use slam_hw3_q1_d_pic2.jpg>
Package pdftex.def Info: slam_hw3_q1_d_pic2.jpg used on input line 82.
(pdftex.def)             Requested size: 725.54526pt x 353.69162pt.

<slam_hw3_q1_d_pic3.jpg, id=3, 1927.2pt x 939.51pt>
File: slam_hw3_q1_d_pic3.jpg Graphic file (type jpg)

<use slam_hw3_q1_d_pic3.jpg>
Package pdftex.def Info: slam_hw3_q1_d_pic3.jpg used on input line 84.
(pdftex.def)             Requested size: 1209.2421pt x 589.5147pt.

Underfull \hbox (badness 10000) in paragraph at lines 75--85

 []


Underfull \hbox (badness 10000) in paragraph at lines 75--85

 []


Underfull \hbox (badness 10000) in paragraph at lines 75--85

 []


Underfull \hbox (badness 10000) in paragraph at lines 75--85

 []


Underfull \hbox (badness 10000) in paragraph at lines 75--85

 []


Underfull \hbox (badness 10000) in paragraph at lines 75--85

 []

[1

{C:/ProgramData/MiKTeX/2.9/pdftex/config/pdftex.map}] [2 <./slam_hw3_q1_d_pic1.
jpg> <./slam_hw3_q1_d_pic2.jpg>]
Underfull \hbox (badness 10000) in paragraph at lines 91--95

 []

[3 <./slam_hw3_q1_d_pic3.jpg>]
Underfull \hbox (badness 10000) in paragraph at lines 96--97

 []

<slam_hw3_q2_d_part1_pic1.jpg, id=25, 1927.2pt x 939.51pt>
File: slam_hw3_q2_d_part1_pic1.jpg Graphic file (type jpg)

<use slam_hw3_q2_d_part1_pic1.jpg>
Package pdftex.def Info: slam_hw3_q2_d_part1_pic1.jpg used on input line 118.
(pdftex.def)             Requested size: 604.62105pt x 294.74301pt.

<slam_hw3_q2_d_part1_pic2.jpg, id=26, 1927.2pt x 939.51pt>
File: slam_hw3_q2_d_part1_pic2.jpg Graphic file (type jpg)

<use slam_hw3_q2_d_part1_pic2.jpg>
Package pdftex.def Info: slam_hw3_q2_d_part1_pic2.jpg used on input line 119.
(pdftex.def)             Requested size: 604.62105pt x 294.74301pt.

<slam_hw3_q2_d_part1_pic3.jpg, id=27, 1927.2pt x 939.51pt>
File: slam_hw3_q2_d_part1_pic3.jpg Graphic file (type jpg)

<use slam_hw3_q2_d_part1_pic3.jpg>
Package pdftex.def Info: slam_hw3_q2_d_part1_pic3.jpg used on input line 120.
(pdftex.def)             Requested size: 604.62105pt x 294.74301pt.

Underfull \hbox (badness 10000) in paragraph at lines 115--122

 []


Underfull \hbox (badness 10000) in paragraph at lines 115--122

 []


Underfull \hbox (badness 10000) in paragraph at lines 115--122

 []


Underfull \hbox (badness 10000) in paragraph at lines 115--122

 []


Underfull \hbox (badness 10000) in paragraph at lines 115--122

 []


Underfull \hbox (badness 10000) in paragraph at lines 115--122

 []

[4 <./slam_hw3_q2_d_part1_pic1.jpg>]
<slam_hw3_q2_d_part2_pic1.jpg, id=33, 1927.2pt x 939.51pt>
File: slam_hw3_q2_d_part2_pic1.jpg Graphic file (type jpg)

<use slam_hw3_q2_d_part2_pic1.jpg>
Package pdftex.def Info: slam_hw3_q2_d_part2_pic1.jpg used on input line 128.
(pdftex.def)             Requested size: 483.69684pt x 235.7944pt.

<slam_hw3_q2_d_part2_pic2.jpg, id=34, 1003.75pt x 501.875pt>
File: slam_hw3_q2_d_part2_pic2.jpg Graphic file (type jpg)

<use slam_hw3_q2_d_part2_pic2.jpg>
Package pdftex.def Info: slam_hw3_q2_d_part2_pic2.jpg used on input line 130.
(pdftex.def)             Requested size: 483.69684pt x 241.8545pt.

<slam_hw3_q2_d_part2_pic3.jpg, id=35, 1003.75pt x 501.875pt>
File: slam_hw3_q2_d_part2_pic3.jpg Graphic file (type jpg)

<use slam_hw3_q2_d_part2_pic3.jpg>
Package pdftex.def Info: slam_hw3_q2_d_part2_pic3.jpg used on input line 132.
(pdftex.def)             Requested size: 483.69684pt x 241.8545pt.

Underfull \hbox (badness 10000) in paragraph at lines 123--133

 []


Underfull \hbox (badness 10000) in paragraph at lines 123--133

 []


Underfull \hbox (badness 10000) in paragraph at lines 123--133

 []

[5 <./slam_hw3_q2_d_part1_pic2.jpg> <./slam_hw3_q2_d_part1_pic3.jpg>] [6 <./sla
m_hw3_q2_d_part2_pic1.jpg> <./slam_hw3_q2_d_part2_pic2.jpg>]
Underfull \hbox (badness 10000) in paragraph at lines 145--147

 []

<slam_hw3_q3_partc_normalVectors.jpg, id=42, 1927.2pt x 939.51pt>
File: slam_hw3_q3_partc_normalVectors.jpg Graphic file (type jpg)

<use slam_hw3_q3_partc_normalVectors.jpg>
Package pdftex.def Info: slam_hw3_q3_partc_normalVectors.jpg used on input line
 153.
(pdftex.def)             Requested size: 725.54526pt x 353.69162pt.
 [7 <./slam_hw3_q2_d_part2_pic3.jpg>]
<slam_hw3_q3_partc_confidenceCounts.jpg, id=47, 1927.2pt x 939.51pt>
File: slam_hw3_q3_partc_confidenceCounts.jpg Graphic file (type jpg)

<use slam_hw3_q3_partc_confidenceCounts.jpg>
Package pdftex.def Info: slam_hw3_q3_partc_confidenceCounts.jpg used on input l
ine 156.
(pdftex.def)             Requested size: 725.54526pt x 353.69162pt.

Overfull \hbox (15.0pt too wide) in paragraph at lines 156--158
[][] 
 []

[8 <./slam_hw3_q3_partc_normalVectors.jpg>]
<slam_hw3_q3_partc_timeStamps.jpg, id=51, 1927.2pt x 939.51pt>
File: slam_hw3_q3_partc_timeStamps.jpg Graphic file (type jpg)

<use slam_hw3_q3_partc_timeStamps.jpg>
Package pdftex.def Info: slam_hw3_q3_partc_timeStamps.jpg used on input line 15
9.
(pdftex.def)             Requested size: 725.54526pt x 353.69162pt.

Overfull \hbox (15.0pt too wide) in paragraph at lines 159--161
[][] 
 []

[9 <./slam_hw3_q3_partc_confidenceCounts.jpg>]
File: slam_hw3_q2_d_part1_pic1.jpg Graphic file (type jpg)

<use slam_hw3_q2_d_part1_pic1.jpg>
Package pdftex.def Info: slam_hw3_q2_d_part1_pic1.jpg used on input line 172.
(pdftex.def)             Requested size: 604.62105pt x 294.74301pt.
File: slam_hw3_q2_d_part1_pic2.jpg Graphic file (type jpg)
 <use slam_hw3_q2_d_part1_pic2.jpg>
Package pdftex.def Info: slam_hw3_q2_d_part1_pic2.jpg used on input line 173.
(pdftex.def)             Requested size: 604.62105pt x 294.74301pt.
File: slam_hw3_q2_d_part1_pic3.jpg Graphic file (type jpg)

<use slam_hw3_q2_d_part1_pic3.jpg>
Package pdftex.def Info: slam_hw3_q2_d_part1_pic3.jpg used on input line 174.
(pdftex.def)             Requested size: 604.62105pt x 294.74301pt.
File: slam_hw3_q3_partc_normalVectors.jpg Graphic file (type jpg)
 <use slam_hw3_q3_partc_normalVectors.jpg>
Package pdftex.def Info: slam_hw3_q3_partc_normalVectors.jpg used on input line
 175.
(pdftex.def)             Requested size: 725.54526pt x 353.69162pt.
File: slam_hw3_q3_partc_confidenceCounts.jpg Graphic file (type jpg)

<use slam_hw3_q3_partc_confidenceCounts.jpg>
Package pdftex.def Info: slam_hw3_q3_partc_confidenceCounts.jpg used on input l
ine 176.
(pdftex.def)             Requested size: 725.54526pt x 353.69162pt.

<slam_hw3_q3_partd_timeStamps.jpg, id=55, 702.625pt x 526.96875pt>
File: slam_hw3_q3_partd_timeStamps.jpg Graphic file (type jpg)

<use slam_hw3_q3_partd_timeStamps.jpg>
Package pdftex.def Info: slam_hw3_q3_partd_timeStamps.jpg used on input line 17
7.
(pdftex.def)             Requested size: 725.54526pt x 544.19907pt.

Underfull \hbox (badness 10000) in paragraph at lines 165--178

 []


Underfull \hbox (badness 10000) in paragraph at lines 165--178

 []


Underfull \hbox (badness 10000) in paragraph at lines 165--178

 []


Underfull \hbox (badness 10000) in paragraph at lines 165--178

 []


Underfull \hbox (badness 10000) in paragraph at lines 165--178

 []


Underfull \hbox (badness 10000) in paragraph at lines 165--178

 []


Underfull \hbox (badness 10000) in paragraph at lines 165--178

 []

[10 <./slam_hw3_q3_partc_timeStamps.jpg>] [11] [12] [13] [14 <./slam_hw3_q3_par
td_timeStamps.jpg>] (SLAM_hw3.aux) ) 
Here is how much of TeX's memory you used:
 4112 strings out of 493334
 57278 string characters out of 3139250
 139427 words of memory out of 3000000
 7527 multiletter control sequences out of 15000+200000
 13386 words of font info for 51 fonts, out of 3000000 for 9000
 1141 hyphenation exceptions out of 8191
 40i,19n,64p,481b,285s stack positions out of 5000i,500n,10000p,200000b,50000s
<C:/Program Files/MiKTeX 2.9/fonts/type1/pu
blic/amsfonts/cmextra/cmbsy7.pfb><C:/Program Files/MiKTeX 2.9/fonts/type1/publi
c/amsfonts/cm/cmbx10.pfb><C:/Program Files/MiKTeX 2.9/fonts/type1/public/amsfon
ts/cm/cmex10.pfb><C:/Program Files/MiKTeX 2.9/fonts/type1/public/amsfonts/cm/cm
mi10.pfb><C:/Program Files/MiKTeX 2.9/fonts/type1/public/amsfonts/cm/cmmi7.pfb>
<C:/Program Files/MiKTeX 2.9/fonts/type1/public/amsfonts/cm/cmmib10.pfb><C:/Pro
gram Files/MiKTeX 2.9/fonts/type1/public/amsfonts/cm/cmr10.pfb><C:/Program File
s/MiKTeX 2.9/fonts/type1/public/amsfonts/cm/cmr12.pfb><C:/Program Files/MiKTeX 
2.9/fonts/type1/public/amsfonts/cm/cmr17.pfb><C:/Program Files/MiKTeX 2.9/fonts
/type1/public/amsfonts/cm/cmr7.pfb><C:/Program Files/MiKTeX 2.9/fonts/type1/pub
lic/amsfonts/cm/cmsy10.pfb><C:/Program Files/MiKTeX 2.9/fonts/type1/public/amsf
onts/cm/cmsy7.pfb><C:/Program Files/MiKTeX 2.9/fonts/type1/public/amsfonts/cm/c
mti10.pfb>
Output written on SLAM_hw3.pdf (14 pages, 1228639 bytes).
PDF statistics:
 113 PDF objects out of 1000 (max. 8388607)
 0 named destinations out of 1000 (max. 500000)
 66 words of extra memory for PDF output out of 10000 (max. 10000000)

